This is pdfTeX, Version 3.14159265-2.6-1.40.21 (TeX Live 2020) (preloaded format=pdflatex 2021.1.20)  25 JAN 2021 12:25
entering extended mode
 restricted \write18 enabled.
 %&-line parsing enabled.
**"Value Iteration and A star.tex"
(./Value Iteration and A star.tex
LaTeX2e <2020-10-01> patch level 4
L3 programming layer <2021-01-09> xparse <2020-03-03>
(/Users/vpapadop/Library/TinyTeX/texmf-dist/tex/latex/base/article.cls
Document Class: article 2020/04/10 v1.4m Standard LaTeX document class
(/Users/vpapadop/Library/TinyTeX/texmf-dist/tex/latex/base/size10.clo
File: size10.clo 2020/04/10 v1.4m Standard LaTeX file (size option)
)
\c@part=\count177
\c@section=\count178
\c@subsection=\count179
\c@subsubsection=\count180
\c@paragraph=\count181
\c@subparagraph=\count182
\c@figure=\count183
\c@table=\count184
\abovecaptionskip=\skip47
\belowcaptionskip=\skip48
\bibindent=\dimen138
)
(/Users/vpapadop/Library/TinyTeX/texmf-dist/tex/latex/base/inputenc.sty
Package: inputenc 2020/08/01 v1.3d Input encoding file
\inpenc@prehook=\toks15
\inpenc@posthook=\toks16
)
(/Users/vpapadop/Library/TinyTeX/texmf-dist/tex/latex/base/fontenc.sty
Package: fontenc 2020/08/10 v2.0s Standard LaTeX package
)
(/Users/vpapadop/Library/TinyTeX/texmf-dist/tex/latex/amsmath/amsmath.sty
Package: amsmath 2020/09/23 v2.17i AMS math features
\@mathmargin=\skip49

For additional information on amsmath, use the `?' option.
(/Users/vpapadop/Library/TinyTeX/texmf-dist/tex/latex/amsmath/amstext.sty
Package: amstext 2000/06/29 v2.01 AMS text

(/Users/vpapadop/Library/TinyTeX/texmf-dist/tex/latex/amsmath/amsgen.sty
File: amsgen.sty 1999/11/30 v2.0 generic functions
\@emptytoks=\toks17
\ex@=\dimen139
))
(/Users/vpapadop/Library/TinyTeX/texmf-dist/tex/latex/amsmath/amsbsy.sty
Package: amsbsy 1999/11/29 v1.2d Bold Symbols
\pmbraise@=\dimen140
)
(/Users/vpapadop/Library/TinyTeX/texmf-dist/tex/latex/amsmath/amsopn.sty
Package: amsopn 2016/03/08 v2.02 operator names
)
\inf@bad=\count185
LaTeX Info: Redefining \frac on input line 234.
\uproot@=\count186
\leftroot@=\count187
LaTeX Info: Redefining \overline on input line 399.
\classnum@=\count188
\DOTSCASE@=\count189
LaTeX Info: Redefining \ldots on input line 496.
LaTeX Info: Redefining \dots on input line 499.
LaTeX Info: Redefining \cdots on input line 620.
\Mathstrutbox@=\box47
\strutbox@=\box48
\big@size=\dimen141
LaTeX Font Info:    Redeclaring font encoding OML on input line 743.
LaTeX Font Info:    Redeclaring font encoding OMS on input line 744.
\macc@depth=\count190
\c@MaxMatrixCols=\count191
\dotsspace@=\muskip16
\c@parentequation=\count192
\dspbrk@lvl=\count193
\tag@help=\toks18
\row@=\count194
\column@=\count195
\maxfields@=\count196
\andhelp@=\toks19
\eqnshift@=\dimen142
\alignsep@=\dimen143
\tagshift@=\dimen144
\tagwidth@=\dimen145
\totwidth@=\dimen146
\lineht@=\dimen147
\@envbody=\toks20
\multlinegap=\skip50
\multlinetaggap=\skip51
\mathdisplay@stack=\toks21
LaTeX Info: Redefining \[ on input line 2923.
LaTeX Info: Redefining \] on input line 2924.
)
(/Users/vpapadop/Library/TinyTeX/texmf-dist/tex/latex/amsfonts/amsfonts.sty
Package: amsfonts 2013/01/14 v3.01 Basic AMSFonts support
\symAMSa=\mathgroup4
\symAMSb=\mathgroup5
LaTeX Font Info:    Redeclaring math symbol \hbar on input line 98.
LaTeX Font Info:    Overwriting math alphabet `\mathfrak' in version `bold'
(Font)                  U/euf/m/n --> U/euf/b/n on input line 106.
)
(/Users/vpapadop/Library/TinyTeX/texmf-dist/tex/latex/amsfonts/amssymb.sty
Package: amssymb 2013/01/14 v3.01 AMS font symbols
)
(/Users/vpapadop/Library/TinyTeX/texmf-dist/tex/latex/graphics/graphicx.sty
Package: graphicx 2020/09/09 v1.2b Enhanced LaTeX Graphics (DPC,SPQR)

(/Users/vpapadop/Library/TinyTeX/texmf-dist/tex/latex/graphics/keyval.sty
Package: keyval 2014/10/28 v1.15 key=value parser (DPC)
\KV@toks@=\toks22
)
(/Users/vpapadop/Library/TinyTeX/texmf-dist/tex/latex/graphics/graphics.sty
Package: graphics 2020/08/30 v1.4c Standard LaTeX Graphics (DPC,SPQR)

(/Users/vpapadop/Library/TinyTeX/texmf-dist/tex/latex/graphics/trig.sty
Package: trig 2016/01/03 v1.10 sin cos tan (DPC)
)
(/Users/vpapadop/Library/TinyTeX/texmf-dist/tex/latex/graphics-cfg/graphics.cfg
File: graphics.cfg 2016/06/04 v1.11 sample graphics configuration
)
Package graphics Info: Driver file: pdftex.def on input line 105.
 (/Users/vpapadop/Library/TinyTeX/texmf-dist/tex/latex/graphics-def/pdftex.def
File: pdftex.def 2020/10/05 v1.2a Graphics/color driver for pdftex
))
\Gin@req@height=\dimen148
\Gin@req@width=\dimen149
)
(/Users/vpapadop/Library/TinyTeX/texmf-dist/tex/latex/l3backend/l3backend-pdfte
x.def
File: l3backend-pdftex.def 2021-01-09 L3 backend support: PDF output (pdfTeX)
\l__kernel_color_stack_int=\count197
\l__pdf_internal_box=\box49
) (./Value Iteration and A star.aux)
\openout1 = `"Value Iteration and A star.aux"'.

LaTeX Font Info:    Checking defaults for OML/cmm/m/it on input line 18.
LaTeX Font Info:    ... okay on input line 18.
LaTeX Font Info:    Checking defaults for OMS/cmsy/m/n on input line 18.
LaTeX Font Info:    ... okay on input line 18.
LaTeX Font Info:    Checking defaults for OT1/cmr/m/n on input line 18.
LaTeX Font Info:    ... okay on input line 18.
LaTeX Font Info:    Checking defaults for T1/cmr/m/n on input line 18.
LaTeX Font Info:    ... okay on input line 18.
LaTeX Font Info:    Checking defaults for TS1/cmr/m/n on input line 18.
LaTeX Font Info:    ... okay on input line 18.
LaTeX Font Info:    Checking defaults for OMX/cmex/m/n on input line 18.
LaTeX Font Info:    ... okay on input line 18.
LaTeX Font Info:    Checking defaults for U/cmr/m/n on input line 18.
LaTeX Font Info:    ... okay on input line 18.

(/Users/vpapadop/Library/TinyTeX/texmf-dist/tex/latex/epstopdf-pkg/epstopdf-bas
e.sty
Package: epstopdf-base 2020-01-24 v2.11 Base part for package epstopdf
Package epstopdf-base Info: Redefining graphics rule for `.eps' on input line 4
85.

(/Users/vpapadop/Library/TinyTeX/texmf-dist/tex/latex/latexconfig/epstopdf-sys.
cfg
File: epstopdf-sys.cfg 2010/07/13 v1.3 Configuration of (r)epstopdf for TeX Liv
e
))
LaTeX Font Info:    Trying to load font information for U+msa on input line 19.

 (/Users/vpapadop/Library/TinyTeX/texmf-dist/tex/latex/amsfonts/umsa.fd
File: umsa.fd 2013/01/14 v3.01 AMS symbols A
)
LaTeX Font Info:    Trying to load font information for U+msb on input line 19.


(/Users/vpapadop/Library/TinyTeX/texmf-dist/tex/latex/amsfonts/umsb.fd
File: umsb.fd 2013/01/14 v3.01 AMS symbols B
)
<./images//grid_world.png, id=1, 301.125pt x 142.5325pt>
File: ./images//grid_world.png Graphic file (type png)
<use ./images//grid_world.png>
Package pdftex.def Info: ./images//grid_world.png  used on input line 32.
(pdftex.def)             Requested size: 256.0748pt x 121.2206pt.

Overfull \hbox (35.0748pt too wide) in paragraph at lines 32--33
 [][] 
 []


Underfull \hbox (badness 10000) in paragraph at lines 43--43
[]\T1/cmr/bx/n/14.4 Markov De-ci-sion Pro-cess
 []

[1{/Users/vpapadop/Library/TinyTeX/texmf-var/fonts/map/pdftex/updmap/pdftex.map
}


 <./images//grid_world.png>] [2]
Underfull \hbox (badness 10000) in paragraph at lines 252--280
\T1/cmr/m/n/10 tentativeGScore := gScore[current] +
 []


Underfull \hbox (badness 10000) in paragraph at lines 252--280

 []

[3]
Underfull \hbox (badness 3989) in paragraph at lines 293--296
\T1/cmr/m/n/10 Alexan-der Samarin. \T1/cmr/m/it/10 The L[]T[]X Com-
 []

LaTeX Font Info:    Trying to load font information for T1+cmtt on input line 3
05.
(/Users/vpapadop/Library/TinyTeX/texmf-dist/tex/latex/base/t1cmtt.fd
File: t1cmtt.fd 2019/12/16 v2.5j Standard LaTeX font definitions
)
Overfull \hbox (76.98892pt too wide) in paragraph at lines 304--306
\T1/cmtt/m/n/10 http://www-cs-faculty.stanford.edu/^^Cuno/abcde.html 
 []


! LaTeX Error: \begin{enumerate} on input line 81 ended by \end{document}.

See the LaTeX manual or LaTeX Companion for explanation.
Type  H <return>  for immediate help.
 ...                                              
                                                  
l.308 \end{document}
                    
Your command was ignored.
Type  I <command> <return>  to replace it with another command,
or  <return>  to continue without it.

[4

] (./Value Iteration and A star.aux) )
(\end occurred inside a group at level 1)

### semi simple group (level 1) entered at line 81 (\begingroup)
### bottom level 
Here is how much of TeX's memory you used:
 2323 strings out of 481252
 30671 string characters out of 5914732
 319573 words of memory out of 5000000
 19245 multiletter control sequences out of 15000+600000
 418384 words of font info for 65 fonts, out of 8000000 for 9000
 14 hyphenation exceptions out of 8191
 68i,19n,74p,750b,282s stack positions out of 5000i,500n,10000p,200000b,80000s
 </Users/vpapadop/Library/TinyTeX/texmf-var/fonts/pk/ljfour/jkn
appen/ec/ectt1000.600pk> </Users/vpapadop/Library/TinyTeX/texmf-var/fonts/pk/lj
four/jknappen/ec/ecti0700.600pk> </Users/vpapadop/Library/TinyTeX/texmf-var/fon
ts/pk/ljfour/jknappen/ec/ecbx1200.600pk> </Users/vpapadop/Library/TinyTeX/texmf
-var/fonts/pk/ljfour/jknappen/ec/ecti1000.600pk> </Users/vpapadop/Library/TinyT
eX/texmf-var/fonts/pk/ljfour/jknappen/ec/ecbx1440.600pk> </Users/vpapadop/Libra
ry/TinyTeX/texmf-var/fonts/pk/ljfour/jknappen/ec/ecrm1000.600pk> </Users/vpapad
op/Library/TinyTeX/texmf-var/fonts/pk/ljfour/jknappen/ec/ecbx1000.600pk> </User
s/vpapadop/Library/TinyTeX/texmf-var/fonts/pk/ljfour/jknappen/ec/ecrm1200.600pk
> </Users/vpapadop/Library/TinyTeX/texmf-var/fonts/pk/ljfour/jknappen/ec/ecrm17
28.600pk></Users/vpapadop/Library/TinyTeX/texmf-dist/fonts/type1/public/amsfont
s/cm/cmex10.pfb></Users/vpapadop/Library/TinyTeX/texmf-dist/fonts/type1/public/
amsfonts/cm/cmmi10.pfb></Users/vpapadop/Library/TinyTeX/texmf-dist/fonts/type1/
public/amsfonts/cm/cmmi7.pfb></Users/vpapadop/Library/TinyTeX/texmf-dist/fonts/
type1/public/amsfonts/cm/cmr10.pfb></Users/vpapadop/Library/TinyTeX/texmf-dist/
fonts/type1/public/amsfonts/cm/cmr7.pfb></Users/vpapadop/Library/TinyTeX/texmf-
dist/fonts/type1/public/amsfonts/cm/cmsy10.pfb></Users/vpapadop/Library/TinyTeX
/texmf-dist/fonts/type1/public/amsfonts/cm/cmsy5.pfb></Users/vpapadop/Library/T
inyTeX/texmf-dist/fonts/type1/public/amsfonts/cm/cmsy7.pfb>
Output written on "Value Iteration and A star.pdf" (4 pages, 170174 bytes).
PDF statistics:
 323 PDF objects out of 1000 (max. 8388607)
 71 compressed objects within 1 object stream
 0 named destinations out of 1000 (max. 500000)
 6 words of extra memory for PDF output out of 10000 (max. 10000000)

